2024-02-23 19:01:42,046 - INFO - Using device: cpu
2024-02-23 19:01:42,070 - INFO - Training a new model
2024-02-23 19:01:42,103 - INFO - Epoch 1 iteration 1: Loss 2.370 Accuracy 6.25 %
2024-02-23 19:01:44,604 - INFO - Epoch 1 iteration 101: Loss 152.291 Accuracy 48.42 %
2024-02-23 19:01:47,147 - INFO - Epoch 1 iteration 201: Loss 223.039 Accuracy 63.15 %
2024-02-23 19:01:49,489 - INFO - Epoch 1 iteration 301: Loss 277.892 Accuracy 69.74 %
2024-02-23 19:01:52,094 - INFO - Epoch 1 iteration 401: Loss 326.236 Accuracy 73.72 %
2024-02-23 19:01:54,554 - INFO - Epoch 1 iteration 501: Loss 369.383 Accuracy 76.45 %
2024-02-23 19:01:57,105 - INFO - Epoch 1 iteration 601: Loss 410.591 Accuracy 78.39 %
2024-02-23 19:01:59,450 - INFO - Epoch 1 iteration 701: Loss 446.687 Accuracy 79.95 %
2024-02-23 19:02:01,921 - INFO - Epoch 1 iteration 801: Loss 483.107 Accuracy 81.15 %
2024-02-23 19:02:04,641 - INFO - Epoch 1 iteration 901: Loss 513.022 Accuracy 82.28 %
2024-02-23 19:02:08,240 - INFO - Epoch 1: Test Loss 0.249 Test Accuracy 91.04%
2024-02-23 19:02:08,267 - INFO - Epoch 2 iteration 1: Loss 0.382 Accuracy 85.94 %
2024-02-23 19:02:10,684 - INFO - Epoch 2 iteration 101: Loss 32.265 Accuracy 91.09 %
2024-02-23 19:02:13,205 - INFO - Epoch 2 iteration 201: Loss 62.903 Accuracy 91.03 %
2024-02-23 19:02:15,796 - INFO - Epoch 2 iteration 301: Loss 90.494 Accuracy 91.27 %
2024-02-23 19:02:18,289 - INFO - Epoch 2 iteration 401: Loss 116.621 Accuracy 91.54 %
2024-02-23 19:02:20,820 - INFO - Epoch 2 iteration 501: Loss 143.055 Accuracy 91.59 %
2024-02-23 19:02:23,290 - INFO - Epoch 2 iteration 601: Loss 167.593 Accuracy 91.81 %
2024-02-23 19:02:25,899 - INFO - Epoch 2 iteration 701: Loss 193.822 Accuracy 91.90 %
2024-02-23 19:02:28,457 - INFO - Epoch 2 iteration 801: Loss 219.786 Accuracy 91.99 %
2024-02-23 19:02:30,949 - INFO - Epoch 2 iteration 901: Loss 242.602 Accuracy 92.12 %
2024-02-23 19:02:34,356 - INFO - Epoch 2: Test Loss 0.206 Test Accuracy 93.35%
2024-02-23 19:02:34,393 - INFO - Epoch 3 iteration 1: Loss 0.479 Accuracy 87.50 %
2024-02-23 19:02:37,005 - INFO - Epoch 3 iteration 101: Loss 24.273 Accuracy 93.29 %
2024-02-23 19:02:39,416 - INFO - Epoch 3 iteration 201: Loss 49.001 Accuracy 92.99 %
2024-02-23 19:02:41,990 - INFO - Epoch 3 iteration 301: Loss 71.769 Accuracy 93.29 %
2024-02-23 19:02:44,411 - INFO - Epoch 3 iteration 401: Loss 93.768 Accuracy 93.37 %
2024-02-23 19:02:47,066 - INFO - Epoch 3 iteration 501: Loss 114.895 Accuracy 93.47 %
2024-02-23 19:02:49,698 - INFO - Epoch 3 iteration 601: Loss 136.141 Accuracy 93.57 %
2024-02-23 19:02:52,179 - INFO - Epoch 3 iteration 701: Loss 156.568 Accuracy 93.66 %
2024-02-23 19:02:54,689 - INFO - Epoch 3 iteration 801: Loss 175.934 Accuracy 93.73 %
2024-02-23 19:02:57,234 - INFO - Epoch 3 iteration 901: Loss 196.386 Accuracy 93.79 %
2024-02-23 19:03:00,681 - INFO - Epoch 3: Test Loss 0.162 Test Accuracy 94.40%
2024-02-23 19:03:00,704 - INFO - Epoch 4 iteration 1: Loss 0.285 Accuracy 93.75 %
2024-02-23 19:03:03,234 - INFO - Epoch 4 iteration 101: Loss 19.307 Accuracy 94.29 %
2024-02-23 19:03:05,806 - INFO - Epoch 4 iteration 201: Loss 38.935 Accuracy 94.37 %
2024-02-23 19:03:08,304 - INFO - Epoch 4 iteration 301: Loss 58.072 Accuracy 94.44 %
2024-02-23 19:03:10,801 - INFO - Epoch 4 iteration 401: Loss 76.476 Accuracy 94.48 %
2024-02-23 19:03:13,333 - INFO - Epoch 4 iteration 501: Loss 95.081 Accuracy 94.52 %
2024-02-23 19:03:15,923 - INFO - Epoch 4 iteration 601: Loss 112.823 Accuracy 94.55 %
2024-02-23 19:03:18,389 - INFO - Epoch 4 iteration 701: Loss 131.774 Accuracy 94.58 %
2024-02-23 19:03:20,873 - INFO - Epoch 4 iteration 801: Loss 150.171 Accuracy 94.62 %
2024-02-23 19:03:23,371 - INFO - Epoch 4 iteration 901: Loss 168.302 Accuracy 94.62 %
2024-02-23 19:03:26,952 - INFO - Epoch 4: Test Loss 0.137 Test Accuracy 94.94%
2024-02-23 19:03:26,977 - INFO - Epoch 5 iteration 1: Loss 0.158 Accuracy 96.88 %
2024-02-23 19:03:29,497 - INFO - Epoch 5 iteration 101: Loss 18.618 Accuracy 94.77 %
2024-02-23 19:03:31,955 - INFO - Epoch 5 iteration 201: Loss 36.034 Accuracy 94.72 %
2024-02-23 19:03:34,651 - INFO - Epoch 5 iteration 301: Loss 53.116 Accuracy 94.88 %
2024-02-23 19:03:37,190 - INFO - Epoch 5 iteration 401: Loss 71.554 Accuracy 94.79 %
2024-02-23 19:03:39,695 - INFO - Epoch 5 iteration 501: Loss 88.911 Accuracy 94.81 %
2024-02-23 19:03:42,108 - INFO - Epoch 5 iteration 601: Loss 105.596 Accuracy 94.84 %
2024-02-23 19:03:44,594 - INFO - Epoch 5 iteration 701: Loss 121.804 Accuracy 94.88 %
2024-02-23 19:03:47,068 - INFO - Epoch 5 iteration 801: Loss 138.859 Accuracy 94.92 %
2024-02-23 19:03:49,615 - INFO - Epoch 5 iteration 901: Loss 155.675 Accuracy 94.92 %
2024-02-23 19:03:52,911 - INFO - Epoch 5: Test Loss 0.139 Test Accuracy 95.33%
2024-02-23 19:03:52,942 - INFO - Epoch 6 iteration 1: Loss 0.100 Accuracy 98.44 %
2024-02-23 19:03:55,579 - INFO - Epoch 6 iteration 101: Loss 15.874 Accuracy 95.20 %
2024-02-23 19:03:58,100 - INFO - Epoch 6 iteration 201: Loss 30.406 Accuracy 95.48 %
2024-02-23 19:04:00,763 - INFO - Epoch 6 iteration 301: Loss 47.164 Accuracy 95.35 %
2024-02-23 19:04:03,184 - INFO - Epoch 6 iteration 401: Loss 63.591 Accuracy 95.28 %
2024-02-23 19:04:05,778 - INFO - Epoch 6 iteration 501: Loss 78.981 Accuracy 95.30 %
2024-02-23 19:04:08,239 - INFO - Epoch 6 iteration 601: Loss 96.110 Accuracy 95.25 %
2024-02-23 19:04:10,827 - INFO - Epoch 6 iteration 701: Loss 111.470 Accuracy 95.26 %
2024-02-23 19:04:13,213 - INFO - Epoch 6 iteration 801: Loss 126.164 Accuracy 95.31 %
2024-02-23 19:04:16,028 - INFO - Epoch 6 iteration 901: Loss 141.851 Accuracy 95.32 %
2024-02-23 19:04:19,375 - INFO - Epoch 6: Test Loss 0.134 Test Accuracy 95.52%
2024-02-23 19:04:19,399 - INFO - Epoch 7 iteration 1: Loss 0.097 Accuracy 96.88 %
2024-02-23 19:04:21,992 - INFO - Epoch 7 iteration 101: Loss 15.482 Accuracy 95.28 %
2024-02-23 19:04:24,350 - INFO - Epoch 7 iteration 201: Loss 31.387 Accuracy 95.37 %
2024-02-23 19:04:26,960 - INFO - Epoch 7 iteration 301: Loss 47.249 Accuracy 95.32 %
2024-02-23 19:04:29,408 - INFO - Epoch 7 iteration 401: Loss 61.607 Accuracy 95.37 %
2024-02-23 19:04:31,918 - INFO - Epoch 7 iteration 501: Loss 76.298 Accuracy 95.43 %
2024-02-23 19:04:34,319 - INFO - Epoch 7 iteration 601: Loss 90.199 Accuracy 95.53 %
2024-02-23 19:04:36,811 - INFO - Epoch 7 iteration 701: Loss 106.509 Accuracy 95.46 %
2024-02-23 19:04:39,427 - INFO - Epoch 7 iteration 801: Loss 120.604 Accuracy 95.52 %
2024-02-23 19:04:41,942 - INFO - Epoch 7 iteration 901: Loss 134.519 Accuracy 95.57 %
2024-02-23 19:04:45,380 - INFO - Epoch 7: Test Loss 0.136 Test Accuracy 95.89%
2024-02-23 19:04:45,403 - INFO - Epoch 8 iteration 1: Loss 0.099 Accuracy 96.88 %
2024-02-23 19:04:47,875 - INFO - Epoch 8 iteration 101: Loss 14.224 Accuracy 95.44 %
2024-02-23 19:04:50,413 - INFO - Epoch 8 iteration 201: Loss 28.517 Accuracy 95.45 %
2024-02-23 19:04:52,979 - INFO - Epoch 8 iteration 301: Loss 42.414 Accuracy 95.55 %
2024-02-23 19:04:55,412 - INFO - Epoch 8 iteration 401: Loss 56.113 Accuracy 95.62 %
2024-02-23 19:04:58,166 - INFO - Epoch 8 iteration 501: Loss 72.087 Accuracy 95.60 %
2024-02-23 19:05:00,771 - INFO - Epoch 8 iteration 601: Loss 87.357 Accuracy 95.58 %
2024-02-23 19:05:03,333 - INFO - Epoch 8 iteration 701: Loss 102.151 Accuracy 95.62 %
2024-02-23 19:05:05,776 - INFO - Epoch 8 iteration 801: Loss 116.342 Accuracy 95.66 %
2024-02-23 19:05:08,308 - INFO - Epoch 8 iteration 901: Loss 130.742 Accuracy 95.68 %
2024-02-23 19:05:11,864 - INFO - Epoch 8: Test Loss 0.124 Test Accuracy 95.99%
2024-02-23 19:05:11,889 - INFO - Epoch 9 iteration 1: Loss 0.248 Accuracy 93.75 %
2024-02-23 19:05:14,327 - INFO - Epoch 9 iteration 101: Loss 14.921 Accuracy 95.81 %
2024-02-23 19:05:16,797 - INFO - Epoch 9 iteration 201: Loss 27.990 Accuracy 95.90 %
2024-02-23 19:05:19,475 - INFO - Epoch 9 iteration 301: Loss 42.627 Accuracy 95.82 %
2024-02-23 19:05:21,925 - INFO - Epoch 9 iteration 401: Loss 56.030 Accuracy 95.87 %
2024-02-23 19:05:24,472 - INFO - Epoch 9 iteration 501: Loss 69.318 Accuracy 95.90 %
2024-02-23 19:05:26,887 - INFO - Epoch 9 iteration 601: Loss 83.002 Accuracy 95.90 %
2024-02-23 19:05:29,562 - INFO - Epoch 9 iteration 701: Loss 95.683 Accuracy 95.92 %
2024-02-23 19:05:31,905 - INFO - Epoch 9 iteration 801: Loss 110.430 Accuracy 95.89 %
2024-02-23 19:05:34,511 - INFO - Epoch 9 iteration 901: Loss 124.146 Accuracy 95.89 %
2024-02-23 19:05:38,114 - INFO - Epoch 9: Test Loss 0.113 Test Accuracy 96.05%
2024-02-23 19:05:38,139 - INFO - Epoch 10 iteration 1: Loss 0.051 Accuracy 100.00 %
2024-02-23 19:05:40,760 - INFO - Epoch 10 iteration 101: Loss 13.209 Accuracy 95.75 %
2024-02-23 19:05:43,289 - INFO - Epoch 10 iteration 201: Loss 28.938 Accuracy 95.69 %
2024-02-23 19:05:45,817 - INFO - Epoch 10 iteration 301: Loss 42.885 Accuracy 95.69 %
2024-02-23 19:05:48,191 - INFO - Epoch 10 iteration 401: Loss 55.014 Accuracy 95.78 %
2024-02-23 19:05:50,845 - INFO - Epoch 10 iteration 501: Loss 68.975 Accuracy 95.77 %
2024-02-23 19:05:53,222 - INFO - Epoch 10 iteration 601: Loss 80.628 Accuracy 95.87 %
2024-02-23 19:05:55,833 - INFO - Epoch 10 iteration 701: Loss 92.691 Accuracy 95.95 %
2024-02-23 19:05:58,191 - INFO - Epoch 10 iteration 801: Loss 105.712 Accuracy 96.00 %
2024-02-23 19:06:00,887 - INFO - Epoch 10 iteration 901: Loss 117.937 Accuracy 96.03 %
2024-02-23 19:06:04,202 - INFO - Epoch 10: Test Loss 0.097 Test Accuracy 96.35%
2024-02-23 19:06:04,203 - INFO - Model saved to adverserial-attacks/models/cnn_model.pth
